<?xml version="1.0" encoding="UTF-8"?>
<testng-results ignored="0" total="4" passed="4" failed="0" skipped="0">
  <reporter-output>
  </reporter-output>
  <suite started-at="2023-04-02T13:24:01 EDT" name="Smoke Test Suite" finished-at="2023-04-02T13:24:19 EDT" duration-ms="17876">
    <groups>
      <group name="cucumber">
        <method signature="AbstractTestNGCucumberTests.runScenario(io.cucumber.testng.PickleWrapper,io.cucumber.testng.FeatureWrapper)[pri:0, instance:com.mit.runners.TestRunnerAll@76c3e77a]" name="runScenario" class="io.cucumber.testng.AbstractTestNGCucumberTests"/>
        <method signature="AbstractTestNGCucumberTests.runScenario(io.cucumber.testng.PickleWrapper,io.cucumber.testng.FeatureWrapper)[pri:0, instance:com.mit.runners.TestRunnerSmokeTests@3d6f0054]" name="runScenario" class="io.cucumber.testng.AbstractTestNGCucumberTests"/>
      </group> <!-- cucumber -->
    </groups>
    <test started-at="2023-04-02T13:24:01 EDT" name="SmokeTest" finished-at="2023-04-02T13:24:19 EDT" duration-ms="17876">
      <class name="com.mit.runners.TestRunnerSmokeTests">
        <test-method is-config="true" signature="setUpClass(org.testng.ITestContext)[pri:0, instance:com.mit.runners.TestRunnerSmokeTests@3d6f0054]" started-at="2023-04-02T13:24:11 EDT" name="setUpClass" finished-at="2023-04-02T13:24:11 EDT" duration-ms="10" status="PASS">
          <params>
            <param index="0">
              <value>
                <![CDATA[org.testng.TestRunner@48d293ee]]>
              </value>
            </param>
          </params>
          <reporter-output>
          </reporter-output>
        </test-method> <!-- setUpClass -->
        <test-method signature="runScenario(io.cucumber.testng.PickleWrapper,io.cucumber.testng.FeatureWrapper)[pri:0, instance:com.mit.runners.TestRunnerSmokeTests@3d6f0054]" started-at="2023-04-02T13:24:11 EDT" name="runScenario" description="Runs Cucumber Scenarios" data-provider="scenarios" finished-at="2023-04-02T13:24:15 EDT" duration-ms="4207" status="PASS">
          <params>
            <param index="0">
              <value>
                <![CDATA["search for books"]]>
              </value>
            </param>
            <param index="1">
              <value>
                <![CDATA["Perform a search on amazon.com"]]>
              </value>
            </param>
          </params>
          <reporter-output>
          </reporter-output>
        </test-method> <!-- runScenario -->
        <test-method signature="runScenario(io.cucumber.testng.PickleWrapper,io.cucumber.testng.FeatureWrapper)[pri:0, instance:com.mit.runners.TestRunnerSmokeTests@3d6f0054]" started-at="2023-04-02T13:24:15 EDT" name="runScenario" description="Runs Cucumber Scenarios" data-provider="scenarios" finished-at="2023-04-02T13:24:19 EDT" duration-ms="4196" status="PASS">
          <params>
            <param index="0">
              <value>
                <![CDATA["search for books"]]>
              </value>
            </param>
            <param index="1">
              <value>
                <![CDATA["Perform a search on amazon.com"]]>
              </value>
            </param>
          </params>
          <reporter-output>
          </reporter-output>
        </test-method> <!-- runScenario -->
        <test-method is-config="true" signature="tearDownClass()[pri:0, instance:com.mit.runners.TestRunnerSmokeTests@3d6f0054]" started-at="2023-04-02T13:24:19 EDT" name="tearDownClass" finished-at="2023-04-02T13:24:19 EDT" duration-ms="1" status="PASS">
          <reporter-output>
          </reporter-output>
        </test-method> <!-- tearDownClass -->
      </class> <!-- com.mit.runners.TestRunnerSmokeTests -->
      <class name="com.mit.runners.TestRunnerAll">
        <test-method is-config="true" signature="setUpClass(org.testng.ITestContext)[pri:0, instance:com.mit.runners.TestRunnerAll@76c3e77a]" started-at="2023-04-02T13:24:01 EDT" name="setUpClass" finished-at="2023-04-02T13:24:02 EDT" duration-ms="204" status="PASS">
          <params>
            <param index="0">
              <value>
                <![CDATA[org.testng.TestRunner@48d293ee]]>
              </value>
            </param>
          </params>
          <reporter-output>
          </reporter-output>
        </test-method> <!-- setUpClass -->
        <test-method signature="runScenario(io.cucumber.testng.PickleWrapper,io.cucumber.testng.FeatureWrapper)[pri:0, instance:com.mit.runners.TestRunnerAll@76c3e77a]" started-at="2023-04-02T13:24:02 EDT" name="runScenario" description="Runs Cucumber Scenarios" data-provider="scenarios" finished-at="2023-04-02T13:24:07 EDT" duration-ms="5446" status="PASS">
          <params>
            <param index="0">
              <value>
                <![CDATA["search for books"]]>
              </value>
            </param>
            <param index="1">
              <value>
                <![CDATA["Perform a search on amazon.com"]]>
              </value>
            </param>
          </params>
          <reporter-output>
          </reporter-output>
        </test-method> <!-- runScenario -->
        <test-method signature="runScenario(io.cucumber.testng.PickleWrapper,io.cucumber.testng.FeatureWrapper)[pri:0, instance:com.mit.runners.TestRunnerAll@76c3e77a]" started-at="2023-04-02T13:24:07 EDT" name="runScenario" description="Runs Cucumber Scenarios" data-provider="scenarios" finished-at="2023-04-02T13:24:11 EDT" duration-ms="3759" status="PASS">
          <params>
            <param index="0">
              <value>
                <![CDATA["search for books"]]>
              </value>
            </param>
            <param index="1">
              <value>
                <![CDATA["Perform a search on amazon.com"]]>
              </value>
            </param>
          </params>
          <reporter-output>
          </reporter-output>
        </test-method> <!-- runScenario -->
        <test-method is-config="true" signature="tearDownClass()[pri:0, instance:com.mit.runners.TestRunnerAll@76c3e77a]" started-at="2023-04-02T13:24:11 EDT" name="tearDownClass" finished-at="2023-04-02T13:24:11 EDT" duration-ms="8" status="PASS">
          <reporter-output>
          </reporter-output>
        </test-method> <!-- tearDownClass -->
      </class> <!-- com.mit.runners.TestRunnerAll -->
    </test> <!-- SmokeTest -->
  </suite> <!-- Smoke Test Suite -->
</testng-results>
