<?xml version="1.0" encoding="UTF-8"?>
<testng-results ignored="0" total="4" passed="4" failed="0" skipped="0">
  <reporter-output>
  </reporter-output>
  <suite started-at="2023-04-02T12:44:58 EDT" name="Smoke Test Suite" finished-at="2023-04-02T12:44:59 EDT" duration-ms="348">
    <groups>
      <group name="cucumber">
        <method signature="AbstractTestNGCucumberTests.runScenario(io.cucumber.testng.PickleWrapper,io.cucumber.testng.FeatureWrapper)[pri:0, instance:com.mit.runners.TestRunnerAll@54e1c68b]" name="runScenario" class="io.cucumber.testng.AbstractTestNGCucumberTests"/>
        <method signature="AbstractTestNGCucumberTests.runScenario(io.cucumber.testng.PickleWrapper,io.cucumber.testng.FeatureWrapper)[pri:0, instance:com.mit.runners.TestRunnerSmokeTests@2d52216b]" name="runScenario" class="io.cucumber.testng.AbstractTestNGCucumberTests"/>
      </group> <!-- cucumber -->
    </groups>
    <test started-at="2023-04-02T12:44:58 EDT" name="SmokeTest" finished-at="2023-04-02T12:44:59 EDT" duration-ms="348">
      <class name="com.mit.runners.TestRunnerSmokeTests">
        <test-method is-config="true" signature="setUpClass(org.testng.ITestContext)[pri:0, instance:com.mit.runners.TestRunnerSmokeTests@2d52216b]" started-at="2023-04-02T12:44:59 EDT" name="setUpClass" finished-at="2023-04-02T12:44:59 EDT" duration-ms="7" status="PASS">
          <params>
            <param index="0">
              <value>
                <![CDATA[org.testng.TestRunner@4f071df8]]>
              </value>
            </param>
          </params>
          <reporter-output>
          </reporter-output>
        </test-method> <!-- setUpClass -->
        <test-method signature="runScenario(io.cucumber.testng.PickleWrapper,io.cucumber.testng.FeatureWrapper)[pri:0, instance:com.mit.runners.TestRunnerSmokeTests@2d52216b]" started-at="2023-04-02T12:44:59 EDT" name="runScenario" description="Runs Cucumber Scenarios" data-provider="scenarios" finished-at="2023-04-02T12:44:59 EDT" duration-ms="5" status="PASS">
          <params>
            <param index="0">
              <value>
                <![CDATA["search for books"]]>
              </value>
            </param>
            <param index="1">
              <value>
                <![CDATA["Perform a search on amazon.com"]]>
              </value>
            </param>
          </params>
          <reporter-output>
          </reporter-output>
        </test-method> <!-- runScenario -->
        <test-method signature="runScenario(io.cucumber.testng.PickleWrapper,io.cucumber.testng.FeatureWrapper)[pri:0, instance:com.mit.runners.TestRunnerSmokeTests@2d52216b]" started-at="2023-04-02T12:44:59 EDT" name="runScenario" description="Runs Cucumber Scenarios" data-provider="scenarios" finished-at="2023-04-02T12:44:59 EDT" duration-ms="4" status="PASS">
          <params>
            <param index="0">
              <value>
                <![CDATA["search for books"]]>
              </value>
            </param>
            <param index="1">
              <value>
                <![CDATA["Perform a search on amazon.com"]]>
              </value>
            </param>
          </params>
          <reporter-output>
          </reporter-output>
        </test-method> <!-- runScenario -->
        <test-method is-config="true" signature="tearDownClass()[pri:0, instance:com.mit.runners.TestRunnerSmokeTests@2d52216b]" started-at="2023-04-02T12:44:59 EDT" name="tearDownClass" finished-at="2023-04-02T12:44:59 EDT" duration-ms="1" status="PASS">
          <reporter-output>
          </reporter-output>
        </test-method> <!-- tearDownClass -->
      </class> <!-- com.mit.runners.TestRunnerSmokeTests -->
      <class name="com.mit.runners.TestRunnerAll">
        <test-method is-config="true" signature="setUpClass(org.testng.ITestContext)[pri:0, instance:com.mit.runners.TestRunnerAll@54e1c68b]" started-at="2023-04-02T12:44:58 EDT" name="setUpClass" finished-at="2023-04-02T12:44:59 EDT" duration-ms="195" status="PASS">
          <params>
            <param index="0">
              <value>
                <![CDATA[org.testng.TestRunner@4f071df8]]>
              </value>
            </param>
          </params>
          <reporter-output>
          </reporter-output>
        </test-method> <!-- setUpClass -->
        <test-method signature="runScenario(io.cucumber.testng.PickleWrapper,io.cucumber.testng.FeatureWrapper)[pri:0, instance:com.mit.runners.TestRunnerAll@54e1c68b]" started-at="2023-04-02T12:44:59 EDT" name="runScenario" description="Runs Cucumber Scenarios" data-provider="scenarios" finished-at="2023-04-02T12:44:59 EDT" duration-ms="78" status="PASS">
          <params>
            <param index="0">
              <value>
                <![CDATA["search for books"]]>
              </value>
            </param>
            <param index="1">
              <value>
                <![CDATA["Perform a search on amazon.com"]]>
              </value>
            </param>
          </params>
          <reporter-output>
          </reporter-output>
        </test-method> <!-- runScenario -->
        <test-method signature="runScenario(io.cucumber.testng.PickleWrapper,io.cucumber.testng.FeatureWrapper)[pri:0, instance:com.mit.runners.TestRunnerAll@54e1c68b]" started-at="2023-04-02T12:44:59 EDT" name="runScenario" description="Runs Cucumber Scenarios" data-provider="scenarios" finished-at="2023-04-02T12:44:59 EDT" duration-ms="4" status="PASS">
          <params>
            <param index="0">
              <value>
                <![CDATA["search for books"]]>
              </value>
            </param>
            <param index="1">
              <value>
                <![CDATA["Perform a search on amazon.com"]]>
              </value>
            </param>
          </params>
          <reporter-output>
          </reporter-output>
        </test-method> <!-- runScenario -->
        <test-method is-config="true" signature="tearDownClass()[pri:0, instance:com.mit.runners.TestRunnerAll@54e1c68b]" started-at="2023-04-02T12:44:59 EDT" name="tearDownClass" finished-at="2023-04-02T12:44:59 EDT" duration-ms="5" status="PASS">
          <reporter-output>
          </reporter-output>
        </test-method> <!-- tearDownClass -->
      </class> <!-- com.mit.runners.TestRunnerAll -->
    </test> <!-- SmokeTest -->
  </suite> <!-- Smoke Test Suite -->
</testng-results>
